<?xml version='1.0' encoding='utf-8'?>
<testsuite xmlns:xsi="http://www.w3.org/2001/XMLSchema-instance" xsi:noNamespaceSchemaLocation="https://maven.apache.org/surefire/maven-surefire-plugin/xsd/surefire-test-report-3.0.xsd" version="3.0" name="it.unifi.ing.drivehub.business.PricingAndSecurityTest" time="0.239" tests="4" errors="0" skipped="0" failures="0">
  <testcase name="bestPromotionWins" classname="it.unifi.ing.drivehub.business.PricingAndSecurityTest" time="0.007" />
  <testcase name="discountTargetsOneVehicle" classname="it.unifi.ing.drivehub.business.PricingAndSecurityTest" time="0.001" />
  <testcase name="discountCanBeReactivatedWithNewTerms" classname="it.unifi.ing.drivehub.business.PricingAndSecurityTest" time="0.001" />
  <testcase name="pbkdf2RoundTrip" classname="it.unifi.ing.drivehub.business.PricingAndSecurityTest" time="0.229" />
</testsuite>