<?xml version='1.0' encoding='utf-8'?>
<testsuite xmlns:xsi="http://www.w3.org/2001/XMLSchema-instance" xsi:noNamespaceSchemaLocation="https://maven.apache.org/surefire/maven-surefire-plugin/xsd/surefire-test-report-3.0.xsd" version="3.0" name="it.unifi.ing.drivehub.domain.SalesWorkflowTest" time="0.004" tests="4" errors="0" skipped="0" failures="0">
  <testcase name="paymentHasSingleTerminalOutcome" classname="it.unifi.ing.drivehub.domain.SalesWorkflowTest" time="0.0" />
  <testcase name="depositAndBalance" classname="it.unifi.ing.drivehub.domain.SalesWorkflowTest" time="0.0" />
  <testcase name="purchaseProposalWorkflow" classname="it.unifi.ing.drivehub.domain.SalesWorkflowTest" time="0.001" />
  <testcase name="stockOrderWorkflow" classname="it.unifi.ing.drivehub.domain.SalesWorkflowTest" time="0.001" />
</testsuite>