<?xml version='1.0' encoding='utf-8'?>
<testsuite xmlns:xsi="http://www.w3.org/2001/XMLSchema-instance" xsi:noNamespaceSchemaLocation="https://maven.apache.org/surefire/maven-surefire-plugin/xsd/surefire-test-report-3.0.xsd" version="3.0" name="it.unifi.ing.drivehub.presentation.FxmlContractTest" time="0.042" tests="2" errors="0" skipped="0" failures="0">
  <testcase name="allViewsAreWellFormedAndHandlersExist" classname="it.unifi.ing.drivehub.presentation.FxmlContractTest" time="0.041" />
  <testcase name="sharedStylesheetExists" classname="it.unifi.ing.drivehub.presentation.FxmlContractTest" time="0.0" />
</testsuite>