<?xml version='1.0' encoding='utf-8'?>
<testsuite xmlns:xsi="http://www.w3.org/2001/XMLSchema-instance" xsi:noNamespaceSchemaLocation="https://maven.apache.org/surefire/maven-surefire-plugin/xsd/surefire-test-report-3.0.xsd" version="3.0" name="it.unifi.ing.drivehub.dao.postgres.PostgresDaoIntegrationTest" time="0.224" tests="5" errors="0" skipped="0" failures="0">
  <testcase name="closingWithoutCommitRollsBackEveryWriteInTheUnitOfWork" classname="it.unifi.ing.drivehub.dao.postgres.PostgresDaoIntegrationTest" time="0.074" />
  <testcase name="rentalAndPaymentCanShareOneTransactionAndClaimIsCompareAndSet" classname="it.unifi.ing.drivehub.dao.postgres.PostgresDaoIntegrationTest" time="0.04" />
  <testcase name="testDriveOverlapAndConfirmationAreAtomic" classname="it.unifi.ing.drivehub.dao.postgres.PostgresDaoIntegrationTest" time="0.031" />
  <testcase name="persistsAndRehydratesUsersCatalogAndVehicleDiscount" classname="it.unifi.ing.drivehub.dao.postgres.PostgresDaoIntegrationTest" time="0.032" />
  <testcase name="saleProposalAndStockOrderRoundTripThroughTheirCasWorkflows" classname="it.unifi.ing.drivehub.dao.postgres.PostgresDaoIntegrationTest" time="0.044" />
</testsuite>