<?xml version='1.0' encoding='utf-8'?>
<testsuite xmlns:xsi="http://www.w3.org/2001/XMLSchema-instance" xsi:noNamespaceSchemaLocation="https://maven.apache.org/surefire/maven-surefire-plugin/xsd/surefire-test-report-3.0.xsd" version="3.0" name="it.unifi.ing.drivehub.presentation.SessionContextTest" time="0.002" tests="2" errors="0" skipped="0" failures="0">
  <testcase name="opensAndClearsSession" classname="it.unifi.ing.drivehub.presentation.SessionContextTest" time="0.0" />
  <testcase name="rejectsNullSession" classname="it.unifi.ing.drivehub.presentation.SessionContextTest" time="0.0" />
</testsuite>