<?xml version='1.0' encoding='utf-8'?>
<testsuite xmlns:xsi="http://www.w3.org/2001/XMLSchema-instance" xsi:noNamespaceSchemaLocation="https://maven.apache.org/surefire/maven-surefire-plugin/xsd/surefire-test-report-3.0.xsd" version="3.0" name="it.unifi.ing.drivehub.dao.postgres.Postgres16ConstraintsTest" time="1.914" tests="7" errors="0" skipped="0" failures="0">
  <testcase name="allEnumLiteralsMatchActualCheckConstraints" classname="it.unifi.ing.drivehub.dao.postgres.Postgres16ConstraintsTest" time="0.628" />
  <testcase name="intervalCheckAndHalfOpenOverlapQuery" classname="it.unifi.ing.drivehub.dao.postgres.Postgres16ConstraintsTest" time="0.224" />
  <testcase name="foreignKeysUniqueAndNullSensitiveChecksRejectInvalidRows" classname="it.unifi.ing.drivehub.dao.postgres.Postgres16ConstraintsTest" time="0.263" />
  <testcase name="constraintFailureRollsBackAllWrites" classname="it.unifi.ing.drivehub.dao.postgres.Postgres16ConstraintsTest" time="0.22" />
  <testcase name="migrationSeedAndCatalogAreRealAndIdempotent" classname="it.unifi.ing.drivehub.dao.postgres.Postgres16ConstraintsTest" time="0.232" />
  <testcase name="concurrentVehicleCasHasExactlyOneWinner" classname="it.unifi.ing.drivehub.dao.postgres.Postgres16ConstraintsTest" time="0.172" />
  <testcase name="proposalDecisionTimestampSurvivesReloadAndSecondDecisionLoses" classname="it.unifi.ing.drivehub.dao.postgres.Postgres16ConstraintsTest" time="0.168" />
</testsuite>