<?xml version='1.0' encoding='utf-8'?>
<testsuite xmlns:xsi="http://www.w3.org/2001/XMLSchema-instance" xsi:noNamespaceSchemaLocation="https://maven.apache.org/surefire/maven-surefire-plugin/xsd/surefire-test-report-3.0.xsd" version="3.0" name="it.unifi.ing.drivehub.business.services.PurchaseProposalServiceTest" time="0.104" tests="2" errors="0" skipped="0" failures="0">
  <testcase name="managerDecisionIsAtomic" classname="it.unifi.ing.drivehub.business.services.PurchaseProposalServiceTest" time="0.095" />
  <testcase name="requestCreatesMissingBrandAndModel" classname="it.unifi.ing.drivehub.business.services.PurchaseProposalServiceTest" time="0.009" />
</testsuite>