<?xml version='1.0' encoding='utf-8'?>
<testsuite xmlns:xsi="http://www.w3.org/2001/XMLSchema-instance" xsi:noNamespaceSchemaLocation="https://maven.apache.org/surefire/maven-surefire-plugin/xsd/surefire-test-report-3.0.xsd" version="3.0" name="it.unifi.ing.drivehub.dao.postgres.PostgresConcurrencyTest" time="1.346" tests="8" errors="0" skipped="0" failures="0">
  <testcase name="doubleBalance" classname="it.unifi.ing.drivehub.dao.postgres.PostgresConcurrencyTest" time="0.193" />
  <testcase name="claimAndDecisionCas" classname="it.unifi.ing.drivehub.dao.postgres.PostgresConcurrencyTest" time="0.188" />
  <testcase name="cancelledSlotCanBeRebooked" classname="it.unifi.ing.drivehub.dao.postgres.PostgresConcurrencyTest" time="0.164" />
  <testcase name="doubleRentalPayment" classname="it.unifi.ing.drivehub.dao.postgres.PostgresConcurrencyTest" time="0.162" />
  <testcase name="overlappingRentalRequests" classname="it.unifi.ing.drivehub.dao.postgres.PostgresConcurrencyTest" time="0.159" />
  <testcase name="doubleSale" classname="it.unifi.ing.drivehub.dao.postgres.PostgresConcurrencyTest" time="0.158" />
  <testcase name="sameCustomerDifferentVehicles" classname="it.unifi.ing.drivehub.dao.postgres.PostgresConcurrencyTest" time="0.16" />
  <testcase name="persistenceFailureAfterApproval" classname="it.unifi.ing.drivehub.dao.postgres.PostgresConcurrencyTest" time="0.158" />
</testsuite>