<?xml version='1.0' encoding='utf-8'?>
<testsuite xmlns:xsi="http://www.w3.org/2001/XMLSchema-instance" xsi:noNamespaceSchemaLocation="https://maven.apache.org/surefire/maven-surefire-plugin/xsd/surefire-test-report-3.0.xsd" version="3.0" name="it.unifi.ing.drivehub.business.services.AuthServiceTest" time="0.695" tests="4" errors="0" skipped="0" failures="0">
  <testcase name="rejectsDuplicateFiscalCode" classname="it.unifi.ing.drivehub.business.services.AuthServiceTest" time="0.646" />
  <testcase name="registersEveryRole(Role)[1]" classname="it.unifi.ing.drivehub.business.services.AuthServiceTest" time="0.019" />
  <testcase name="registersEveryRole(Role)[2]" classname="it.unifi.ing.drivehub.business.services.AuthServiceTest" time="0.002" />
  <testcase name="registersEveryRole(Role)[3]" classname="it.unifi.ing.drivehub.business.services.AuthServiceTest" time="0.003" />
</testsuite>