<?xml version='1.0' encoding='utf-8'?>
<testsuite xmlns:xsi="http://www.w3.org/2001/XMLSchema-instance" xsi:noNamespaceSchemaLocation="https://maven.apache.org/surefire/maven-surefire-plugin/xsd/surefire-test-report-3.0.xsd" version="3.0" name="it.unifi.ing.drivehub.business.services.RentalServiceTest" time="0.047" tests="2" errors="0" skipped="0" failures="0">
  <testcase name="failedAtomicClaimRollsBack" classname="it.unifi.ing.drivehub.business.services.RentalServiceTest" time="0.041" />
  <testcase name="requestRentalIsUnassigned" classname="it.unifi.ing.drivehub.business.services.RentalServiceTest" time="0.005" />
</testsuite>