<?xml version='1.0' encoding='utf-8'?>
<testsuite xmlns:xsi="http://www.w3.org/2001/XMLSchema-instance" xsi:noNamespaceSchemaLocation="https://maven.apache.org/surefire/maven-surefire-plugin/xsd/surefire-test-report-3.0.xsd" version="3.0" name="it.unifi.ing.drivehub.presentation.JavaFxSmokeTest" time="3.909" tests="8" errors="0" skipped="0" failures="0">
  <testcase name="allRoutesLoadAndLogoutRemovesSession" classname="it.unifi.ing.drivehub.presentation.JavaFxSmokeTest" time="1.62">
    <system-err>Sep 11, 2026 5:47:44 PM com.sun.javafx.application.PlatformImpl startup
WARNING: Unsupported JavaFX configuration: classes were loaded from 'unnamed module @54c5a2ff'
</system-err>
  </testcase>
  <testcase name="cancelledRentalAndReentrantClickNeverSubmit" classname="it.unifi.ing.drivehub.presentation.JavaFxSmokeTest" time="0.164" />
  <testcase name="emptyCatalogAndInvalidSelectionShowMessages" classname="it.unifi.ing.drivehub.presentation.JavaFxSmokeTest" time="0.095" />
  <testcase name="saleDialogShowsAuthoritativeQuoteAndCanCancel" classname="it.unifi.ing.drivehub.presentation.JavaFxSmokeTest" time="0.278" />
  <testcase name="confirmedRentalSubmitsOnceAndPreservesSuccess" classname="it.unifi.ing.drivehub.presentation.JavaFxSmokeTest" time="0.122" />
  <testcase name="realApplicationPersistsConfirmedRental" classname="it.unifi.ing.drivehub.presentation.JavaFxSmokeTest" time="1.119" />
  <testcase name="rentalRejectionRemainsVisible" classname="it.unifi.ing.drivehub.presentation.JavaFxSmokeTest" time="0.091" />
  <testcase name="saleSuccessAndRejectionUseRealDialog" classname="it.unifi.ing.drivehub.presentation.JavaFxSmokeTest" time="0.223" />
</testsuite>