<?xml version='1.0' encoding='utf-8'?>
<testsuite xmlns:xsi="http://www.w3.org/2001/XMLSchema-instance" xsi:noNamespaceSchemaLocation="https://maven.apache.org/surefire/maven-surefire-plugin/xsd/surefire-test-report-3.0.xsd" version="3.0" name="it.unifi.ing.drivehub.dao.postgres.Postgres16DaoIntegrationTest" time="0.831" tests="5" errors="0" skipped="0" failures="0">
  <testcase name="closingWithoutCommitRollsBackEveryWriteInTheUnitOfWork" classname="it.unifi.ing.drivehub.dao.postgres.Postgres16DaoIntegrationTest" time="0.154" />
  <testcase name="rentalAndPaymentCanShareOneTransactionAndClaimIsCompareAndSet" classname="it.unifi.ing.drivehub.dao.postgres.Postgres16DaoIntegrationTest" time="0.177" />
  <testcase name="testDriveOverlapAndConfirmationAreAtomic" classname="it.unifi.ing.drivehub.dao.postgres.Postgres16DaoIntegrationTest" time="0.152" />
  <testcase name="persistsAndRehydratesUsersCatalogAndVehicleDiscount" classname="it.unifi.ing.drivehub.dao.postgres.Postgres16DaoIntegrationTest" time="0.166" />
  <testcase name="saleProposalAndStockOrderRoundTripThroughTheirCasWorkflows" classname="it.unifi.ing.drivehub.dao.postgres.Postgres16DaoIntegrationTest" time="0.179" />
</testsuite>